The target system is: Generic -  - 
The host system is: Linux - 4.14.15-1-ARCH - x86_64
Compiling the C compiler identification source file "CMakeCCompilerId.c" succeeded.
Compiler: /usr/bin/avr-gcc 
Build flags: 
Id flags:  

The output was:
0


Compilation of the C compiler identification source "CMakeCCompilerId.c" produced "a.out"

The C compiler identification is GNU, found in "/home/alxhoff/git/GitHub/Teaching-AVR/Blink/build/CMakeFiles/3.10.2/CompilerIdC/a.out"

Compiling the CXX compiler identification source file "CMakeCXXCompilerId.cpp" succeeded.
Compiler: /usr/bin/avr-g++ 
Build flags: 
Id flags:  

The output was:
0


Compilation of the CXX compiler identification source "CMakeCXXCompilerId.cpp" produced "a.out"

The CXX compiler identification is GNU, found in "/home/alxhoff/git/GitHub/Teaching-AVR/Blink/build/CMakeFiles/3.10.2/CompilerIdCXX/a.out"

Checking whether the ASM compiler is GNU using "--version" matched "(GNU assembler)|(GCC)|(Free Software Foundation)":
avr-gcc (GCC) 7.3.0
Copyright (C) 2017 Free Software Foundation, Inc.
This is free software; see the source for copying conditions.  There is NO
warranty; not even for MERCHANTABILITY or FITNESS FOR A PARTICULAR PURPOSE.

Determining if the C compiler works passed with the following output:
Change Dir: /home/alxhoff/git/GitHub/Teaching-AVR/Blink/build/CMakeFiles/CMakeTmp

Run Build Command:"/usr/bin/make" "cmTC_62fcc/fast"
/usr/bin/make -f CMakeFiles/cmTC_62fcc.dir/build.make CMakeFiles/cmTC_62fcc.dir/build
make[1]: Entering directory '/home/alxhoff/git/GitHub/Teaching-AVR/Blink/build/CMakeFiles/CMakeTmp'
Building C object CMakeFiles/cmTC_62fcc.dir/testCCompiler.c.obj
/usr/bin/avr-gcc    -o CMakeFiles/cmTC_62fcc.dir/testCCompiler.c.obj   -c /home/alxhoff/git/GitHub/Teaching-AVR/Blink/build/CMakeFiles/CMakeTmp/testCCompiler.c
Linking C executable cmTC_62fcc
/usr/bin/cmake -E cmake_link_script CMakeFiles/cmTC_62fcc.dir/link.txt --verbose=1
/usr/bin/avr-gcc      CMakeFiles/cmTC_62fcc.dir/testCCompiler.c.obj  -o cmTC_62fcc 
make[1]: Leaving directory '/home/alxhoff/git/GitHub/Teaching-AVR/Blink/build/CMakeFiles/CMakeTmp'


Detecting C compiler ABI info compiled with the following output:
Change Dir: /home/alxhoff/git/GitHub/Teaching-AVR/Blink/build/CMakeFiles/CMakeTmp

Run Build Command:"/usr/bin/make" "cmTC_33762/fast"
/usr/bin/make -f CMakeFiles/cmTC_33762.dir/build.make CMakeFiles/cmTC_33762.dir/build
make[1]: Entering directory '/home/alxhoff/git/GitHub/Teaching-AVR/Blink/build/CMakeFiles/CMakeTmp'
Building C object CMakeFiles/cmTC_33762.dir/CMakeCCompilerABI.c.obj
/usr/bin/avr-gcc    -o CMakeFiles/cmTC_33762.dir/CMakeCCompilerABI.c.obj   -c /usr/share/cmake-3.10/Modules/CMakeCCompilerABI.c
Linking C executable cmTC_33762
/usr/bin/cmake -E cmake_link_script CMakeFiles/cmTC_33762.dir/link.txt --verbose=1
/usr/bin/avr-gcc     -v CMakeFiles/cmTC_33762.dir/CMakeCCompilerABI.c.obj  -o cmTC_33762 
Using built-in specs.
Reading specs from /usr/lib/gcc/avr/7.3.0/device-specs/specs-avr2
COLLECT_GCC=/usr/bin/avr-gcc
COLLECT_LTO_WRAPPER=/usr/lib/gcc/avr/7.3.0/lto-wrapper
Target: avr
Configured with: /build/avr-gcc/src/gcc-7-20180125/configure --disable-install-libiberty --disable-libssp --disable-libstdcxx-pch --disable-libunwind-exceptions --disable-linker-build-id --disable-nls --disable-werror --disable-__cxa_atexit --enable-checking=release --enable-clocale=gnu --enable-gnu-unique-object --enable-gold --enable-languages=c,c++ --enable-ld=default --enable-lto --enable-plugin --enable-shared --infodir=/usr/share/info --libdir=/usr/lib --libexecdir=/usr/lib --mandir=/usr/share/man --prefix=/usr --target=avr --with-as=/usr/bin/avr-as --with-gnu-as --with-gnu-ld --with-ld=/usr/bin/avr-ld --with-plugin-ld=ld.gold --with-system-zlib --with-isl --enable-gnu-indirect-function
Thread model: single
gcc version 7.3.0 (GCC) 
COMPILER_PATH=/usr/lib/gcc/avr/7.3.0/:/usr/lib/gcc/avr/7.3.0/:/usr/lib/gcc/avr/:/usr/lib/gcc/avr/7.3.0/:/usr/lib/gcc/avr/
LIBRARY_PATH=/usr/lib/gcc/avr/7.3.0/:/usr/lib/gcc/avr/7.3.0/../../../../avr/lib/
COLLECT_GCC_OPTIONS='-v' '-o' 'cmTC_33762' '-specs=device-specs/specs-avr2'
 /usr/lib/gcc/avr/7.3.0/collect2 -plugin /usr/lib/gcc/avr/7.3.0/liblto_plugin.so -plugin-opt=/usr/lib/gcc/avr/7.3.0/lto-wrapper -plugin-opt=-fresolution=/tmp/ccJZUE0k.res -plugin-opt=-pass-through=-lgcc -plugin-opt=-pass-through=-lm -plugin-opt=-pass-through=-lc -o cmTC_33762 -L/usr/lib/gcc/avr/7.3.0 -L/usr/lib/gcc/avr/7.3.0/../../../../avr/lib CMakeFiles/cmTC_33762.dir/CMakeCCompilerABI.c.obj --start-group -lgcc -lm -lc --end-group
COLLECT_GCC_OPTIONS='-v' '-o' 'cmTC_33762' '-specs=device-specs/specs-avr2'
make[1]: Leaving directory '/home/alxhoff/git/GitHub/Teaching-AVR/Blink/build/CMakeFiles/CMakeTmp'


Parsed C implicit link information from above output:
  link line regex: [^( *|.*[/\])(avr-ld|CMAKE_LINK_STARTFILE-NOTFOUND|([^/\]+-)?ld|collect2)[^/\]*( |$)]
  ignore line: [Change Dir: /home/alxhoff/git/GitHub/Teaching-AVR/Blink/build/CMakeFiles/CMakeTmp]
  ignore line: []
  ignore line: [Run Build Command:"/usr/bin/make" "cmTC_33762/fast"]
  ignore line: [/usr/bin/make -f CMakeFiles/cmTC_33762.dir/build.make CMakeFiles/cmTC_33762.dir/build]
  ignore line: [make[1]: Entering directory '/home/alxhoff/git/GitHub/Teaching-AVR/Blink/build/CMakeFiles/CMakeTmp']
  ignore line: [Building C object CMakeFiles/cmTC_33762.dir/CMakeCCompilerABI.c.obj]
  ignore line: [/usr/bin/avr-gcc    -o CMakeFiles/cmTC_33762.dir/CMakeCCompilerABI.c.obj   -c /usr/share/cmake-3.10/Modules/CMakeCCompilerABI.c]
  ignore line: [Linking C executable cmTC_33762]
  ignore line: [/usr/bin/cmake -E cmake_link_script CMakeFiles/cmTC_33762.dir/link.txt --verbose=1]
  ignore line: [/usr/bin/avr-gcc     -v CMakeFiles/cmTC_33762.dir/CMakeCCompilerABI.c.obj  -o cmTC_33762 ]
  ignore line: [Using built-in specs.]
  ignore line: [Reading specs from /usr/lib/gcc/avr/7.3.0/device-specs/specs-avr2]
  ignore line: [COLLECT_GCC=/usr/bin/avr-gcc]
  ignore line: [COLLECT_LTO_WRAPPER=/usr/lib/gcc/avr/7.3.0/lto-wrapper]
  ignore line: [Target: avr]
  ignore line: [Configured with: /build/avr-gcc/src/gcc-7-20180125/configure --disable-install-libiberty --disable-libssp --disable-libstdcxx-pch --disable-libunwind-exceptions --disable-linker-build-id --disable-nls --disable-werror --disable-__cxa_atexit --enable-checking=release --enable-clocale=gnu --enable-gnu-unique-object --enable-gold --enable-languages=c,c++ --enable-ld=default --enable-lto --enable-plugin --enable-shared --infodir=/usr/share/info --libdir=/usr/lib --libexecdir=/usr/lib --mandir=/usr/share/man --prefix=/usr --target=avr --with-as=/usr/bin/avr-as --with-gnu-as --with-gnu-ld --with-ld=/usr/bin/avr-ld --with-plugin-ld=ld.gold --with-system-zlib --with-isl --enable-gnu-indirect-function]
  ignore line: [Thread model: single]
  ignore line: [gcc version 7.3.0 (GCC) ]
  ignore line: [COMPILER_PATH=/usr/lib/gcc/avr/7.3.0/:/usr/lib/gcc/avr/7.3.0/:/usr/lib/gcc/avr/:/usr/lib/gcc/avr/7.3.0/:/usr/lib/gcc/avr/]
  ignore line: [LIBRARY_PATH=/usr/lib/gcc/avr/7.3.0/:/usr/lib/gcc/avr/7.3.0/../../../../avr/lib/]
  ignore line: [COLLECT_GCC_OPTIONS='-v' '-o' 'cmTC_33762' '-specs=device-specs/specs-avr2']
  link line: [ /usr/lib/gcc/avr/7.3.0/collect2 -plugin /usr/lib/gcc/avr/7.3.0/liblto_plugin.so -plugin-opt=/usr/lib/gcc/avr/7.3.0/lto-wrapper -plugin-opt=-fresolution=/tmp/ccJZUE0k.res -plugin-opt=-pass-through=-lgcc -plugin-opt=-pass-through=-lm -plugin-opt=-pass-through=-lc -o cmTC_33762 -L/usr/lib/gcc/avr/7.3.0 -L/usr/lib/gcc/avr/7.3.0/../../../../avr/lib CMakeFiles/cmTC_33762.dir/CMakeCCompilerABI.c.obj --start-group -lgcc -lm -lc --end-group]
    arg [/usr/lib/gcc/avr/7.3.0/collect2] ==> ignore
    arg [-plugin] ==> ignore
    arg [/usr/lib/gcc/avr/7.3.0/liblto_plugin.so] ==> ignore
    arg [-plugin-opt=/usr/lib/gcc/avr/7.3.0/lto-wrapper] ==> ignore
    arg [-plugin-opt=-fresolution=/tmp/ccJZUE0k.res] ==> ignore
    arg [-plugin-opt=-pass-through=-lgcc] ==> ignore
    arg [-plugin-opt=-pass-through=-lm] ==> ignore
    arg [-plugin-opt=-pass-through=-lc] ==> ignore
    arg [-o] ==> ignore
    arg [cmTC_33762] ==> ignore
    arg [-L/usr/lib/gcc/avr/7.3.0] ==> dir [/usr/lib/gcc/avr/7.3.0]
    arg [-L/usr/lib/gcc/avr/7.3.0/../../../../avr/lib] ==> dir [/usr/lib/gcc/avr/7.3.0/../../../../avr/lib]
    arg [CMakeFiles/cmTC_33762.dir/CMakeCCompilerABI.c.obj] ==> ignore
    arg [--start-group] ==> ignore
    arg [-lgcc] ==> lib [gcc]
    arg [-lm] ==> lib [m]
    arg [-lc] ==> lib [c]
    arg [--end-group] ==> ignore
  collapse library dir [/usr/lib/gcc/avr/7.3.0] ==> [/usr/lib/gcc/avr/7.3.0]
  collapse library dir [/usr/lib/gcc/avr/7.3.0/../../../../avr/lib] ==> [/usr/avr/lib]
  implicit libs: [gcc;m;c]
  implicit dirs: [/usr/lib/gcc/avr/7.3.0;/usr/avr/lib]
  implicit fwks: []




Detecting C [-std=c11] compiler features compiled with the following output:
Change Dir: /home/alxhoff/git/GitHub/Teaching-AVR/Blink/build/CMakeFiles/CMakeTmp

Run Build Command:"/usr/bin/make" "cmTC_66901/fast"
/usr/bin/make -f CMakeFiles/cmTC_66901.dir/build.make CMakeFiles/cmTC_66901.dir/build
make[1]: Entering directory '/home/alxhoff/git/GitHub/Teaching-AVR/Blink/build/CMakeFiles/CMakeTmp'
Building C object CMakeFiles/cmTC_66901.dir/feature_tests.c.obj
/usr/bin/avr-gcc   -std=c11 -o CMakeFiles/cmTC_66901.dir/feature_tests.c.obj   -c /home/alxhoff/git/GitHub/Teaching-AVR/Blink/build/CMakeFiles/feature_tests.c
Linking C executable cmTC_66901
/usr/bin/cmake -E cmake_link_script CMakeFiles/cmTC_66901.dir/link.txt --verbose=1
/usr/bin/avr-gcc      CMakeFiles/cmTC_66901.dir/feature_tests.c.obj  -o cmTC_66901 
make[1]: Leaving directory '/home/alxhoff/git/GitHub/Teaching-AVR/Blink/build/CMakeFiles/CMakeTmp'


    Feature record: C_FEATURE:1c_function_prototypes
    Feature record: C_FEATURE:1c_restrict
    Feature record: C_FEATURE:1c_static_assert
    Feature record: C_FEATURE:1c_variadic_macros


Detecting C [-std=c99] compiler features compiled with the following output:
Change Dir: /home/alxhoff/git/GitHub/Teaching-AVR/Blink/build/CMakeFiles/CMakeTmp

Run Build Command:"/usr/bin/make" "cmTC_bb877/fast"
/usr/bin/make -f CMakeFiles/cmTC_bb877.dir/build.make CMakeFiles/cmTC_bb877.dir/build
make[1]: Entering directory '/home/alxhoff/git/GitHub/Teaching-AVR/Blink/build/CMakeFiles/CMakeTmp'
Building C object CMakeFiles/cmTC_bb877.dir/feature_tests.c.obj
/usr/bin/avr-gcc   -std=c99 -o CMakeFiles/cmTC_bb877.dir/feature_tests.c.obj   -c /home/alxhoff/git/GitHub/Teaching-AVR/Blink/build/CMakeFiles/feature_tests.c
Linking C executable cmTC_bb877
/usr/bin/cmake -E cmake_link_script CMakeFiles/cmTC_bb877.dir/link.txt --verbose=1
/usr/bin/avr-gcc      CMakeFiles/cmTC_bb877.dir/feature_tests.c.obj  -o cmTC_bb877 
make[1]: Leaving directory '/home/alxhoff/git/GitHub/Teaching-AVR/Blink/build/CMakeFiles/CMakeTmp'


    Feature record: C_FEATURE:1c_function_prototypes
    Feature record: C_FEATURE:1c_restrict
    Feature record: C_FEATURE:0c_static_assert
    Feature record: C_FEATURE:1c_variadic_macros


Detecting C [-std=c90] compiler features compiled with the following output:
Change Dir: /home/alxhoff/git/GitHub/Teaching-AVR/Blink/build/CMakeFiles/CMakeTmp

Run Build Command:"/usr/bin/make" "cmTC_89038/fast"
/usr/bin/make -f CMakeFiles/cmTC_89038.dir/build.make CMakeFiles/cmTC_89038.dir/build
make[1]: Entering directory '/home/alxhoff/git/GitHub/Teaching-AVR/Blink/build/CMakeFiles/CMakeTmp'
Building C object CMakeFiles/cmTC_89038.dir/feature_tests.c.obj
/usr/bin/avr-gcc   -std=c90 -o CMakeFiles/cmTC_89038.dir/feature_tests.c.obj   -c /home/alxhoff/git/GitHub/Teaching-AVR/Blink/build/CMakeFiles/feature_tests.c
Linking C executable cmTC_89038
/usr/bin/cmake -E cmake_link_script CMakeFiles/cmTC_89038.dir/link.txt --verbose=1
/usr/bin/avr-gcc      CMakeFiles/cmTC_89038.dir/feature_tests.c.obj  -o cmTC_89038 
make[1]: Leaving directory '/home/alxhoff/git/GitHub/Teaching-AVR/Blink/build/CMakeFiles/CMakeTmp'


    Feature record: C_FEATURE:1c_function_prototypes
    Feature record: C_FEATURE:0c_restrict
    Feature record: C_FEATURE:0c_static_assert
    Feature record: C_FEATURE:0c_variadic_macros
Determining if the CXX compiler works passed with the following output:
Change Dir: /home/alxhoff/git/GitHub/Teaching-AVR/Blink/build/CMakeFiles/CMakeTmp

Run Build Command:"/usr/bin/make" "cmTC_39955/fast"
/usr/bin/make -f CMakeFiles/cmTC_39955.dir/build.make CMakeFiles/cmTC_39955.dir/build
make[1]: Entering directory '/home/alxhoff/git/GitHub/Teaching-AVR/Blink/build/CMakeFiles/CMakeTmp'
Building CXX object CMakeFiles/cmTC_39955.dir/testCXXCompiler.cxx.obj
/usr/bin/avr-g++     -o CMakeFiles/cmTC_39955.dir/testCXXCompiler.cxx.obj -c /home/alxhoff/git/GitHub/Teaching-AVR/Blink/build/CMakeFiles/CMakeTmp/testCXXCompiler.cxx
Linking CXX executable cmTC_39955
/usr/bin/cmake -E cmake_link_script CMakeFiles/cmTC_39955.dir/link.txt --verbose=1
/usr/bin/avr-g++       CMakeFiles/cmTC_39955.dir/testCXXCompiler.cxx.obj  -o cmTC_39955 
make[1]: Leaving directory '/home/alxhoff/git/GitHub/Teaching-AVR/Blink/build/CMakeFiles/CMakeTmp'


Detecting CXX compiler ABI info compiled with the following output:
Change Dir: /home/alxhoff/git/GitHub/Teaching-AVR/Blink/build/CMakeFiles/CMakeTmp

Run Build Command:"/usr/bin/make" "cmTC_d6aca/fast"
/usr/bin/make -f CMakeFiles/cmTC_d6aca.dir/build.make CMakeFiles/cmTC_d6aca.dir/build
make[1]: Entering directory '/home/alxhoff/git/GitHub/Teaching-AVR/Blink/build/CMakeFiles/CMakeTmp'
Building CXX object CMakeFiles/cmTC_d6aca.dir/CMakeCXXCompilerABI.cpp.obj
/usr/bin/avr-g++     -o CMakeFiles/cmTC_d6aca.dir/CMakeCXXCompilerABI.cpp.obj -c /usr/share/cmake-3.10/Modules/CMakeCXXCompilerABI.cpp
Linking CXX executable cmTC_d6aca
/usr/bin/cmake -E cmake_link_script CMakeFiles/cmTC_d6aca.dir/link.txt --verbose=1
/usr/bin/avr-g++      -v CMakeFiles/cmTC_d6aca.dir/CMakeCXXCompilerABI.cpp.obj  -o cmTC_d6aca 
Using built-in specs.
Reading specs from /usr/lib/gcc/avr/7.3.0/device-specs/specs-avr2
COLLECT_GCC=/usr/bin/avr-g++
COLLECT_LTO_WRAPPER=/usr/lib/gcc/avr/7.3.0/lto-wrapper
Target: avr
Configured with: /build/avr-gcc/src/gcc-7-20180125/configure --disable-install-libiberty --disable-libssp --disable-libstdcxx-pch --disable-libunwind-exceptions --disable-linker-build-id --disable-nls --disable-werror --disable-__cxa_atexit --enable-checking=release --enable-clocale=gnu --enable-gnu-unique-object --enable-gold --enable-languages=c,c++ --enable-ld=default --enable-lto --enable-plugin --enable-shared --infodir=/usr/share/info --libdir=/usr/lib --libexecdir=/usr/lib --mandir=/usr/share/man --prefix=/usr --target=avr --with-as=/usr/bin/avr-as --with-gnu-as --with-gnu-ld --with-ld=/usr/bin/avr-ld --with-plugin-ld=ld.gold --with-system-zlib --with-isl --enable-gnu-indirect-function
Thread model: single
gcc version 7.3.0 (GCC) 
COMPILER_PATH=/usr/lib/gcc/avr/7.3.0/:/usr/lib/gcc/avr/7.3.0/:/usr/lib/gcc/avr/:/usr/lib/gcc/avr/7.3.0/:/usr/lib/gcc/avr/
LIBRARY_PATH=/usr/lib/gcc/avr/7.3.0/:/usr/lib/gcc/avr/7.3.0/../../../../avr/lib/
COLLECT_GCC_OPTIONS='-v' '-o' 'cmTC_d6aca' '-specs=device-specs/specs-avr2'
 /usr/lib/gcc/avr/7.3.0/collect2 -plugin /usr/lib/gcc/avr/7.3.0/liblto_plugin.so -plugin-opt=/usr/lib/gcc/avr/7.3.0/lto-wrapper -plugin-opt=-fresolution=/tmp/ccbycxGH.res -plugin-opt=-pass-through=-lgcc -plugin-opt=-pass-through=-lm -plugin-opt=-pass-through=-lc -o cmTC_d6aca -L/usr/lib/gcc/avr/7.3.0 -L/usr/lib/gcc/avr/7.3.0/../../../../avr/lib CMakeFiles/cmTC_d6aca.dir/CMakeCXXCompilerABI.cpp.obj -lgcc -lm --start-group -lgcc -lm -lc --end-group
COLLECT_GCC_OPTIONS='-v' '-o' 'cmTC_d6aca' '-specs=device-specs/specs-avr2'
make[1]: Leaving directory '/home/alxhoff/git/GitHub/Teaching-AVR/Blink/build/CMakeFiles/CMakeTmp'


Parsed CXX implicit link information from above output:
  link line regex: [^( *|.*[/\])(avr-ld|CMAKE_LINK_STARTFILE-NOTFOUND|([^/\]+-)?ld|collect2)[^/\]*( |$)]
  ignore line: [Change Dir: /home/alxhoff/git/GitHub/Teaching-AVR/Blink/build/CMakeFiles/CMakeTmp]
  ignore line: []
  ignore line: [Run Build Command:"/usr/bin/make" "cmTC_d6aca/fast"]
  ignore line: [/usr/bin/make -f CMakeFiles/cmTC_d6aca.dir/build.make CMakeFiles/cmTC_d6aca.dir/build]
  ignore line: [make[1]: Entering directory '/home/alxhoff/git/GitHub/Teaching-AVR/Blink/build/CMakeFiles/CMakeTmp']
  ignore line: [Building CXX object CMakeFiles/cmTC_d6aca.dir/CMakeCXXCompilerABI.cpp.obj]
  ignore line: [/usr/bin/avr-g++     -o CMakeFiles/cmTC_d6aca.dir/CMakeCXXCompilerABI.cpp.obj -c /usr/share/cmake-3.10/Modules/CMakeCXXCompilerABI.cpp]
  ignore line: [Linking CXX executable cmTC_d6aca]
  ignore line: [/usr/bin/cmake -E cmake_link_script CMakeFiles/cmTC_d6aca.dir/link.txt --verbose=1]
  ignore line: [/usr/bin/avr-g++      -v CMakeFiles/cmTC_d6aca.dir/CMakeCXXCompilerABI.cpp.obj  -o cmTC_d6aca ]
  ignore line: [Using built-in specs.]
  ignore line: [Reading specs from /usr/lib/gcc/avr/7.3.0/device-specs/specs-avr2]
  ignore line: [COLLECT_GCC=/usr/bin/avr-g++]
  ignore line: [COLLECT_LTO_WRAPPER=/usr/lib/gcc/avr/7.3.0/lto-wrapper]
  ignore line: [Target: avr]
  ignore line: [Configured with: /build/avr-gcc/src/gcc-7-20180125/configure --disable-install-libiberty --disable-libssp --disable-libstdcxx-pch --disable-libunwind-exceptions --disable-linker-build-id --disable-nls --disable-werror --disable-__cxa_atexit --enable-checking=release --enable-clocale=gnu --enable-gnu-unique-object --enable-gold --enable-languages=c,c++ --enable-ld=default --enable-lto --enable-plugin --enable-shared --infodir=/usr/share/info --libdir=/usr/lib --libexecdir=/usr/lib --mandir=/usr/share/man --prefix=/usr --target=avr --with-as=/usr/bin/avr-as --with-gnu-as --with-gnu-ld --with-ld=/usr/bin/avr-ld --with-plugin-ld=ld.gold --with-system-zlib --with-isl --enable-gnu-indirect-function]
  ignore line: [Thread model: single]
  ignore line: [gcc version 7.3.0 (GCC) ]
  ignore line: [COMPILER_PATH=/usr/lib/gcc/avr/7.3.0/:/usr/lib/gcc/avr/7.3.0/:/usr/lib/gcc/avr/:/usr/lib/gcc/avr/7.3.0/:/usr/lib/gcc/avr/]
  ignore line: [LIBRARY_PATH=/usr/lib/gcc/avr/7.3.0/:/usr/lib/gcc/avr/7.3.0/../../../../avr/lib/]
  ignore line: [COLLECT_GCC_OPTIONS='-v' '-o' 'cmTC_d6aca' '-specs=device-specs/specs-avr2']
  link line: [ /usr/lib/gcc/avr/7.3.0/collect2 -plugin /usr/lib/gcc/avr/7.3.0/liblto_plugin.so -plugin-opt=/usr/lib/gcc/avr/7.3.0/lto-wrapper -plugin-opt=-fresolution=/tmp/ccbycxGH.res -plugin-opt=-pass-through=-lgcc -plugin-opt=-pass-through=-lm -plugin-opt=-pass-through=-lc -o cmTC_d6aca -L/usr/lib/gcc/avr/7.3.0 -L/usr/lib/gcc/avr/7.3.0/../../../../avr/lib CMakeFiles/cmTC_d6aca.dir/CMakeCXXCompilerABI.cpp.obj -lgcc -lm --start-group -lgcc -lm -lc --end-group]
    arg [/usr/lib/gcc/avr/7.3.0/collect2] ==> ignore
    arg [-plugin] ==> ignore
    arg [/usr/lib/gcc/avr/7.3.0/liblto_plugin.so] ==> ignore
    arg [-plugin-opt=/usr/lib/gcc/avr/7.3.0/lto-wrapper] ==> ignore
    arg [-plugin-opt=-fresolution=/tmp/ccbycxGH.res] ==> ignore
    arg [-plugin-opt=-pass-through=-lgcc] ==> ignore
    arg [-plugin-opt=-pass-through=-lm] ==> ignore
    arg [-plugin-opt=-pass-through=-lc] ==> ignore
    arg [-o] ==> ignore
    arg [cmTC_d6aca] ==> ignore
    arg [-L/usr/lib/gcc/avr/7.3.0] ==> dir [/usr/lib/gcc/avr/7.3.0]
    arg [-L/usr/lib/gcc/avr/7.3.0/../../../../avr/lib] ==> dir [/usr/lib/gcc/avr/7.3.0/../../../../avr/lib]
    arg [CMakeFiles/cmTC_d6aca.dir/CMakeCXXCompilerABI.cpp.obj] ==> ignore
    arg [-lgcc] ==> lib [gcc]
    arg [-lm] ==> lib [m]
    arg [--start-group] ==> ignore
    arg [-lgcc] ==> lib [gcc]
    arg [-lm] ==> lib [m]
    arg [-lc] ==> lib [c]
    arg [--end-group] ==> ignore
  collapse library dir [/usr/lib/gcc/avr/7.3.0] ==> [/usr/lib/gcc/avr/7.3.0]
  collapse library dir [/usr/lib/gcc/avr/7.3.0/../../../../avr/lib] ==> [/usr/avr/lib]
  implicit libs: [gcc;m;gcc;m;c]
  implicit dirs: [/usr/lib/gcc/avr/7.3.0;/usr/avr/lib]
  implicit fwks: []




Detecting CXX [-std=c++1z] compiler features compiled with the following output:
Change Dir: /home/alxhoff/git/GitHub/Teaching-AVR/Blink/build/CMakeFiles/CMakeTmp

Run Build Command:"/usr/bin/make" "cmTC_e8f74/fast"
/usr/bin/make -f CMakeFiles/cmTC_e8f74.dir/build.make CMakeFiles/cmTC_e8f74.dir/build
make[1]: Entering directory '/home/alxhoff/git/GitHub/Teaching-AVR/Blink/build/CMakeFiles/CMakeTmp'
Building CXX object CMakeFiles/cmTC_e8f74.dir/feature_tests.cxx.obj
/usr/bin/avr-g++    -std=c++1z -o CMakeFiles/cmTC_e8f74.dir/feature_tests.cxx.obj -c /home/alxhoff/git/GitHub/Teaching-AVR/Blink/build/CMakeFiles/feature_tests.cxx
Linking CXX executable cmTC_e8f74
/usr/bin/cmake -E cmake_link_script CMakeFiles/cmTC_e8f74.dir/link.txt --verbose=1
/usr/bin/avr-g++       CMakeFiles/cmTC_e8f74.dir/feature_tests.cxx.obj  -o cmTC_e8f74 
make[1]: Leaving directory '/home/alxhoff/git/GitHub/Teaching-AVR/Blink/build/CMakeFiles/CMakeTmp'


    Feature record: CXX_FEATURE:1cxx_aggregate_default_initializers
    Feature record: CXX_FEATURE:1cxx_alias_templates
    Feature record: CXX_FEATURE:1cxx_alignas
    Feature record: CXX_FEATURE:1cxx_alignof
    Feature record: CXX_FEATURE:1cxx_attributes
    Feature record: CXX_FEATURE:1cxx_attribute_deprecated
    Feature record: CXX_FEATURE:1cxx_auto_type
    Feature record: CXX_FEATURE:1cxx_binary_literals
    Feature record: CXX_FEATURE:1cxx_constexpr
    Feature record: CXX_FEATURE:1cxx_contextual_conversions
    Feature record: CXX_FEATURE:1cxx_decltype
    Feature record: CXX_FEATURE:1cxx_decltype_auto
    Feature record: CXX_FEATURE:1cxx_decltype_incomplete_return_types
    Feature record: CXX_FEATURE:1cxx_default_function_template_args
    Feature record: CXX_FEATURE:1cxx_defaulted_functions
    Feature record: CXX_FEATURE:1cxx_defaulted_move_initializers
    Feature record: CXX_FEATURE:1cxx_delegating_constructors
    Feature record: CXX_FEATURE:1cxx_deleted_functions
    Feature record: CXX_FEATURE:1cxx_digit_separators
    Feature record: CXX_FEATURE:1cxx_enum_forward_declarations
    Feature record: CXX_FEATURE:1cxx_explicit_conversions
    Feature record: CXX_FEATURE:1cxx_extended_friend_declarations
    Feature record: CXX_FEATURE:1cxx_extern_templates
    Feature record: CXX_FEATURE:1cxx_final
    Feature record: CXX_FEATURE:1cxx_func_identifier
    Feature record: CXX_FEATURE:1cxx_generalized_initializers
    Feature record: CXX_FEATURE:1cxx_generic_lambdas
    Feature record: CXX_FEATURE:1cxx_inheriting_constructors
    Feature record: CXX_FEATURE:1cxx_inline_namespaces
    Feature record: CXX_FEATURE:1cxx_lambdas
    Feature record: CXX_FEATURE:1cxx_lambda_init_captures
    Feature record: CXX_FEATURE:1cxx_local_type_template_args
    Feature record: CXX_FEATURE:1cxx_long_long_type
    Feature record: CXX_FEATURE:1cxx_noexcept
    Feature record: CXX_FEATURE:1cxx_nonstatic_member_init
    Feature record: CXX_FEATURE:1cxx_nullptr
    Feature record: CXX_FEATURE:1cxx_override
    Feature record: CXX_FEATURE:1cxx_range_for
    Feature record: CXX_FEATURE:1cxx_raw_string_literals
    Feature record: CXX_FEATURE:1cxx_reference_qualified_functions
    Feature record: CXX_FEATURE:1cxx_relaxed_constexpr
    Feature record: CXX_FEATURE:1cxx_return_type_deduction
    Feature record: CXX_FEATURE:1cxx_right_angle_brackets
    Feature record: CXX_FEATURE:1cxx_rvalue_references
    Feature record: CXX_FEATURE:1cxx_sizeof_member
    Feature record: CXX_FEATURE:1cxx_static_assert
    Feature record: CXX_FEATURE:1cxx_strong_enums
    Feature record: CXX_FEATURE:1cxx_template_template_parameters
    Feature record: CXX_FEATURE:1cxx_thread_local
    Feature record: CXX_FEATURE:1cxx_trailing_return_types
    Feature record: CXX_FEATURE:1cxx_unicode_literals
    Feature record: CXX_FEATURE:1cxx_uniform_initialization
    Feature record: CXX_FEATURE:1cxx_unrestricted_unions
    Feature record: CXX_FEATURE:1cxx_user_literals
    Feature record: CXX_FEATURE:1cxx_variable_templates
    Feature record: CXX_FEATURE:1cxx_variadic_macros
    Feature record: CXX_FEATURE:1cxx_variadic_templates


Detecting CXX [-std=c++14] compiler features compiled with the following output:
Change Dir: /home/alxhoff/git/GitHub/Teaching-AVR/Blink/build/CMakeFiles/CMakeTmp

Run Build Command:"/usr/bin/make" "cmTC_798b2/fast"
/usr/bin/make -f CMakeFiles/cmTC_798b2.dir/build.make CMakeFiles/cmTC_798b2.dir/build
make[1]: Entering directory '/home/alxhoff/git/GitHub/Teaching-AVR/Blink/build/CMakeFiles/CMakeTmp'
Building CXX object CMakeFiles/cmTC_798b2.dir/feature_tests.cxx.obj
/usr/bin/avr-g++    -std=c++14 -o CMakeFiles/cmTC_798b2.dir/feature_tests.cxx.obj -c /home/alxhoff/git/GitHub/Teaching-AVR/Blink/build/CMakeFiles/feature_tests.cxx
Linking CXX executable cmTC_798b2
/usr/bin/cmake -E cmake_link_script CMakeFiles/cmTC_798b2.dir/link.txt --verbose=1
/usr/bin/avr-g++       CMakeFiles/cmTC_798b2.dir/feature_tests.cxx.obj  -o cmTC_798b2 
make[1]: Leaving directory '/home/alxhoff/git/GitHub/Teaching-AVR/Blink/build/CMakeFiles/CMakeTmp'


    Feature record: CXX_FEATURE:1cxx_aggregate_default_initializers
    Feature record: CXX_FEATURE:1cxx_alias_templates
    Feature record: CXX_FEATURE:1cxx_alignas
    Feature record: CXX_FEATURE:1cxx_alignof
    Feature record: CXX_FEATURE:1cxx_attributes
    Feature record: CXX_FEATURE:1cxx_attribute_deprecated
    Feature record: CXX_FEATURE:1cxx_auto_type
    Feature record: CXX_FEATURE:1cxx_binary_literals
    Feature record: CXX_FEATURE:1cxx_constexpr
    Feature record: CXX_FEATURE:1cxx_contextual_conversions
    Feature record: CXX_FEATURE:1cxx_decltype
    Feature record: CXX_FEATURE:1cxx_decltype_auto
    Feature record: CXX_FEATURE:1cxx_decltype_incomplete_return_types
    Feature record: CXX_FEATURE:1cxx_default_function_template_args
    Feature record: CXX_FEATURE:1cxx_defaulted_functions
    Feature record: CXX_FEATURE:1cxx_defaulted_move_initializers
    Feature record: CXX_FEATURE:1cxx_delegating_constructors
    Feature record: CXX_FEATURE:1cxx_deleted_functions
    Feature record: CXX_FEATURE:1cxx_digit_separators
    Feature record: CXX_FEATURE:1cxx_enum_forward_declarations
    Feature record: CXX_FEATURE:1cxx_explicit_conversions
    Feature record: CXX_FEATURE:1cxx_extended_friend_declarations
    Feature record: CXX_FEATURE:1cxx_extern_templates
    Feature record: CXX_FEATURE:1cxx_final
    Feature record: CXX_FEATURE:1cxx_func_identifier
    Feature record: CXX_FEATURE:1cxx_generalized_initializers
    Feature record: CXX_FEATURE:1cxx_generic_lambdas
    Feature record: CXX_FEATURE:1cxx_inheriting_constructors
    Feature record: CXX_FEATURE:1cxx_inline_namespaces
    Feature record: CXX_FEATURE:1cxx_lambdas
    Feature record: CXX_FEATURE:1cxx_lambda_init_captures
    Feature record: CXX_FEATURE:1cxx_local_type_template_args
    Feature record: CXX_FEATURE:1cxx_long_long_type
    Feature record: CXX_FEATURE:1cxx_noexcept
    Feature record: CXX_FEATURE:1cxx_nonstatic_member_init
    Feature record: CXX_FEATURE:1cxx_nullptr
    Feature record: CXX_FEATURE:1cxx_override
    Feature record: CXX_FEATURE:1cxx_range_for
    Feature record: CXX_FEATURE:1cxx_raw_string_literals
    Feature record: CXX_FEATURE:1cxx_reference_qualified_functions
    Feature record: CXX_FEATURE:1cxx_relaxed_constexpr
    Feature record: CXX_FEATURE:1cxx_return_type_deduction
    Feature record: CXX_FEATURE:1cxx_right_angle_brackets
    Feature record: CXX_FEATURE:1cxx_rvalue_references
    Feature record: CXX_FEATURE:1cxx_sizeof_member
    Feature record: CXX_FEATURE:1cxx_static_assert
    Feature record: CXX_FEATURE:1cxx_strong_enums
    Feature record: CXX_FEATURE:1cxx_template_template_parameters
    Feature record: CXX_FEATURE:1cxx_thread_local
    Feature record: CXX_FEATURE:1cxx_trailing_return_types
    Feature record: CXX_FEATURE:1cxx_unicode_literals
    Feature record: CXX_FEATURE:1cxx_uniform_initialization
    Feature record: CXX_FEATURE:1cxx_unrestricted_unions
    Feature record: CXX_FEATURE:1cxx_user_literals
    Feature record: CXX_FEATURE:1cxx_variable_templates
    Feature record: CXX_FEATURE:1cxx_variadic_macros
    Feature record: CXX_FEATURE:1cxx_variadic_templates


Detecting CXX [-std=c++11] compiler features compiled with the following output:
Change Dir: /home/alxhoff/git/GitHub/Teaching-AVR/Blink/build/CMakeFiles/CMakeTmp

Run Build Command:"/usr/bin/make" "cmTC_2bb67/fast"
/usr/bin/make -f CMakeFiles/cmTC_2bb67.dir/build.make CMakeFiles/cmTC_2bb67.dir/build
make[1]: Entering directory '/home/alxhoff/git/GitHub/Teaching-AVR/Blink/build/CMakeFiles/CMakeTmp'
Building CXX object CMakeFiles/cmTC_2bb67.dir/feature_tests.cxx.obj
/usr/bin/avr-g++    -std=c++11 -o CMakeFiles/cmTC_2bb67.dir/feature_tests.cxx.obj -c /home/alxhoff/git/GitHub/Teaching-AVR/Blink/build/CMakeFiles/feature_tests.cxx
Linking CXX executable cmTC_2bb67
/usr/bin/cmake -E cmake_link_script CMakeFiles/cmTC_2bb67.dir/link.txt --verbose=1
/usr/bin/avr-g++       CMakeFiles/cmTC_2bb67.dir/feature_tests.cxx.obj  -o cmTC_2bb67 
make[1]: Leaving directory '/home/alxhoff/git/GitHub/Teaching-AVR/Blink/build/CMakeFiles/CMakeTmp'


    Feature record: CXX_FEATURE:0cxx_aggregate_default_initializers
    Feature record: CXX_FEATURE:1cxx_alias_templates
    Feature record: CXX_FEATURE:1cxx_alignas
    Feature record: CXX_FEATURE:1cxx_alignof
    Feature record: CXX_FEATURE:1cxx_attributes
    Feature record: CXX_FEATURE:0cxx_attribute_deprecated
    Feature record: CXX_FEATURE:1cxx_auto_type
    Feature record: CXX_FEATURE:0cxx_binary_literals
    Feature record: CXX_FEATURE:1cxx_constexpr
    Feature record: CXX_FEATURE:0cxx_contextual_conversions
    Feature record: CXX_FEATURE:1cxx_decltype
    Feature record: CXX_FEATURE:0cxx_decltype_auto
    Feature record: CXX_FEATURE:1cxx_decltype_incomplete_return_types
    Feature record: CXX_FEATURE:1cxx_default_function_template_args
    Feature record: CXX_FEATURE:1cxx_defaulted_functions
    Feature record: CXX_FEATURE:1cxx_defaulted_move_initializers
    Feature record: CXX_FEATURE:1cxx_delegating_constructors
    Feature record: CXX_FEATURE:1cxx_deleted_functions
    Feature record: CXX_FEATURE:0cxx_digit_separators
    Feature record: CXX_FEATURE:1cxx_enum_forward_declarations
    Feature record: CXX_FEATURE:1cxx_explicit_conversions
    Feature record: CXX_FEATURE:1cxx_extended_friend_declarations
    Feature record: CXX_FEATURE:1cxx_extern_templates
    Feature record: CXX_FEATURE:1cxx_final
    Feature record: CXX_FEATURE:1cxx_func_identifier
    Feature record: CXX_FEATURE:1cxx_generalized_initializers
    Feature record: CXX_FEATURE:0cxx_generic_lambdas
    Feature record: CXX_FEATURE:1cxx_inheriting_constructors
    Feature record: CXX_FEATURE:1cxx_inline_namespaces
    Feature record: CXX_FEATURE:1cxx_lambdas
    Feature record: CXX_FEATURE:0cxx_lambda_init_captures
    Feature record: CXX_FEATURE:1cxx_local_type_template_args
    Feature record: CXX_FEATURE:1cxx_long_long_type
    Feature record: CXX_FEATURE:1cxx_noexcept
    Feature record: CXX_FEATURE:1cxx_nonstatic_member_init
    Feature record: CXX_FEATURE:1cxx_nullptr
    Feature record: CXX_FEATURE:1cxx_override
    Feature record: CXX_FEATURE:1cxx_range_for
    Feature record: CXX_FEATURE:1cxx_raw_string_literals
    Feature record: CXX_FEATURE:1cxx_reference_qualified_functions
    Feature record: CXX_FEATURE:0cxx_relaxed_constexpr
    Feature record: CXX_FEATURE:0cxx_return_type_deduction
    Feature record: CXX_FEATURE:1cxx_right_angle_brackets
    Feature record: CXX_FEATURE:1cxx_rvalue_references
    Feature record: CXX_FEATURE:1cxx_sizeof_member
    Feature record: CXX_FEATURE:1cxx_static_assert
    Feature record: CXX_FEATURE:1cxx_strong_enums
    Feature record: CXX_FEATURE:1cxx_template_template_parameters
    Feature record: CXX_FEATURE:1cxx_thread_local
    Feature record: CXX_FEATURE:1cxx_trailing_return_types
    Feature record: CXX_FEATURE:1cxx_unicode_literals
    Feature record: CXX_FEATURE:1cxx_uniform_initialization
    Feature record: CXX_FEATURE:1cxx_unrestricted_unions
    Feature record: CXX_FEATURE:1cxx_user_literals
    Feature record: CXX_FEATURE:0cxx_variable_templates
    Feature record: CXX_FEATURE:1cxx_variadic_macros
    Feature record: CXX_FEATURE:1cxx_variadic_templates


Detecting CXX [-std=c++98] compiler features compiled with the following output:
Change Dir: /home/alxhoff/git/GitHub/Teaching-AVR/Blink/build/CMakeFiles/CMakeTmp

Run Build Command:"/usr/bin/make" "cmTC_6ac23/fast"
/usr/bin/make -f CMakeFiles/cmTC_6ac23.dir/build.make CMakeFiles/cmTC_6ac23.dir/build
make[1]: Entering directory '/home/alxhoff/git/GitHub/Teaching-AVR/Blink/build/CMakeFiles/CMakeTmp'
Building CXX object CMakeFiles/cmTC_6ac23.dir/feature_tests.cxx.obj
/usr/bin/avr-g++    -std=c++98 -o CMakeFiles/cmTC_6ac23.dir/feature_tests.cxx.obj -c /home/alxhoff/git/GitHub/Teaching-AVR/Blink/build/CMakeFiles/feature_tests.cxx
Linking CXX executable cmTC_6ac23
/usr/bin/cmake -E cmake_link_script CMakeFiles/cmTC_6ac23.dir/link.txt --verbose=1
/usr/bin/avr-g++       CMakeFiles/cmTC_6ac23.dir/feature_tests.cxx.obj  -o cmTC_6ac23 
make[1]: Leaving directory '/home/alxhoff/git/GitHub/Teaching-AVR/Blink/build/CMakeFiles/CMakeTmp'


    Feature record: CXX_FEATURE:0cxx_aggregate_default_initializers
    Feature record: CXX_FEATURE:0cxx_alias_templates
    Feature record: CXX_FEATURE:0cxx_alignas
    Feature record: CXX_FEATURE:0cxx_alignof
    Feature record: CXX_FEATURE:0cxx_attributes
    Feature record: CXX_FEATURE:0cxx_attribute_deprecated
    Feature record: CXX_FEATURE:0cxx_auto_type
    Feature record: CXX_FEATURE:0cxx_binary_literals
    Feature record: CXX_FEATURE:0cxx_constexpr
    Feature record: CXX_FEATURE:0cxx_contextual_conversions
    Feature record: CXX_FEATURE:0cxx_decltype
    Feature record: CXX_FEATURE:0cxx_decltype_auto
    Feature record: CXX_FEATURE:0cxx_decltype_incomplete_return_types
    Feature record: CXX_FEATURE:0cxx_default_function_template_args
    Feature record: CXX_FEATURE:0cxx_defaulted_functions
    Feature record: CXX_FEATURE:0cxx_defaulted_move_initializers
    Feature record: CXX_FEATURE:0cxx_delegating_constructors
    Feature record: CXX_FEATURE:0cxx_deleted_functions
    Feature record: CXX_FEATURE:0cxx_digit_separators
    Feature record: CXX_FEATURE:0cxx_enum_forward_declarations
    Feature record: CXX_FEATURE:0cxx_explicit_conversions
    Feature record: CXX_FEATURE:0cxx_extended_friend_declarations
    Feature record: CXX_FEATURE:0cxx_extern_templates
    Feature record: CXX_FEATURE:0cxx_final
    Feature record: CXX_FEATURE:0cxx_func_identifier
    Feature record: CXX_FEATURE:0cxx_generalized_initializers
    Feature record: CXX_FEATURE:0cxx_generic_lambdas
    Feature record: CXX_FEATURE:0cxx_inheriting_constructors
    Feature record: CXX_FEATURE:0cxx_inline_namespaces
    Feature record: CXX_FEATURE:0cxx_lambdas
    Feature record: CXX_FEATURE:0cxx_lambda_init_captures
    Feature record: CXX_FEATURE:0cxx_local_type_template_args
    Feature record: CXX_FEATURE:0cxx_long_long_type
    Feature record: CXX_FEATURE:0cxx_noexcept
    Feature record: CXX_FEATURE:0cxx_nonstatic_member_init
    Feature record: CXX_FEATURE:0cxx_nullptr
    Feature record: CXX_FEATURE:0cxx_override
    Feature record: CXX_FEATURE:0cxx_range_for
    Feature record: CXX_FEATURE:0cxx_raw_string_literals
    Feature record: CXX_FEATURE:0cxx_reference_qualified_functions
    Feature record: CXX_FEATURE:0cxx_relaxed_constexpr
    Feature record: CXX_FEATURE:0cxx_return_type_deduction
    Feature record: CXX_FEATURE:0cxx_right_angle_brackets
    Feature record: CXX_FEATURE:0cxx_rvalue_references
    Feature record: CXX_FEATURE:0cxx_sizeof_member
    Feature record: CXX_FEATURE:0cxx_static_assert
    Feature record: CXX_FEATURE:0cxx_strong_enums
    Feature record: CXX_FEATURE:1cxx_template_template_parameters
    Feature record: CXX_FEATURE:0cxx_thread_local
    Feature record: CXX_FEATURE:0cxx_trailing_return_types
    Feature record: CXX_FEATURE:0cxx_unicode_literals
    Feature record: CXX_FEATURE:0cxx_uniform_initialization
    Feature record: CXX_FEATURE:0cxx_unrestricted_unions
    Feature record: CXX_FEATURE:0cxx_user_literals
    Feature record: CXX_FEATURE:0cxx_variable_templates
    Feature record: CXX_FEATURE:0cxx_variadic_macros
    Feature record: CXX_FEATURE:0cxx_variadic_templates
The target system is: Generic -  - 
The host system is: Linux - 4.14.15-1-ARCH - x86_64
Compiling the C compiler identification source file "CMakeCCompilerId.c" succeeded.
Compiler: /usr/bin/avr-gcc 
Build flags: 
Id flags:  

The output was:
0


Compilation of the C compiler identification source "CMakeCCompilerId.c" produced "a.out"

The C compiler identification is GNU, found in "/home/alxhoff/git/GitHub/Project-templates/AVR/mega328p/build/CMakeFiles/3.10.2/CompilerIdC/a.out"

Compiling the CXX compiler identification source file "CMakeCXXCompilerId.cpp" succeeded.
Compiler: /usr/bin/avr-g++ 
Build flags: 
Id flags:  

The output was:
0


Compilation of the CXX compiler identification source "CMakeCXXCompilerId.cpp" produced "a.out"

The CXX compiler identification is GNU, found in "/home/alxhoff/git/GitHub/Project-templates/AVR/mega328p/build/CMakeFiles/3.10.2/CompilerIdCXX/a.out"

Checking whether the ASM compiler is GNU using "--version" matched "(GNU assembler)|(GCC)|(Free Software Foundation)":
avr-gcc (GCC) 7.3.0
Copyright (C) 2017 Free Software Foundation, Inc.
This is free software; see the source for copying conditions.  There is NO
warranty; not even for MERCHANTABILITY or FITNESS FOR A PARTICULAR PURPOSE.

Determining if the C compiler works passed with the following output:
Change Dir: /home/alxhoff/git/GitHub/Project-templates/AVR/mega328p/build/CMakeFiles/CMakeTmp

Run Build Command:"/usr/bin/make" "cmTC_b3225/fast"
/usr/bin/make -f CMakeFiles/cmTC_b3225.dir/build.make CMakeFiles/cmTC_b3225.dir/build
make[1]: Entering directory '/home/alxhoff/git/GitHub/Project-templates/AVR/mega328p/build/CMakeFiles/CMakeTmp'
Building C object CMakeFiles/cmTC_b3225.dir/testCCompiler.c.obj
/usr/bin/avr-gcc    -o CMakeFiles/cmTC_b3225.dir/testCCompiler.c.obj   -c /home/alxhoff/git/GitHub/Project-templates/AVR/mega328p/build/CMakeFiles/CMakeTmp/testCCompiler.c
Linking C executable cmTC_b3225
/usr/bin/cmake -E cmake_link_script CMakeFiles/cmTC_b3225.dir/link.txt --verbose=1
/usr/bin/avr-gcc      CMakeFiles/cmTC_b3225.dir/testCCompiler.c.obj  -o cmTC_b3225 
make[1]: Leaving directory '/home/alxhoff/git/GitHub/Project-templates/AVR/mega328p/build/CMakeFiles/CMakeTmp'


Detecting C compiler ABI info compiled with the following output:
Change Dir: /home/alxhoff/git/GitHub/Project-templates/AVR/mega328p/build/CMakeFiles/CMakeTmp

Run Build Command:"/usr/bin/make" "cmTC_9d015/fast"
/usr/bin/make -f CMakeFiles/cmTC_9d015.dir/build.make CMakeFiles/cmTC_9d015.dir/build
make[1]: Entering directory '/home/alxhoff/git/GitHub/Project-templates/AVR/mega328p/build/CMakeFiles/CMakeTmp'
Building C object CMakeFiles/cmTC_9d015.dir/CMakeCCompilerABI.c.obj
/usr/bin/avr-gcc    -o CMakeFiles/cmTC_9d015.dir/CMakeCCompilerABI.c.obj   -c /usr/share/cmake-3.10/Modules/CMakeCCompilerABI.c
Linking C executable cmTC_9d015
/usr/bin/cmake -E cmake_link_script CMakeFiles/cmTC_9d015.dir/link.txt --verbose=1
/usr/bin/avr-gcc     -v CMakeFiles/cmTC_9d015.dir/CMakeCCompilerABI.c.obj  -o cmTC_9d015 
Using built-in specs.
Reading specs from /usr/lib/gcc/avr/7.3.0/device-specs/specs-avr2
COLLECT_GCC=/usr/bin/avr-gcc
COLLECT_LTO_WRAPPER=/usr/lib/gcc/avr/7.3.0/lto-wrapper
Target: avr
Configured with: /build/avr-gcc/src/gcc-7-20180125/configure --disable-install-libiberty --disable-libssp --disable-libstdcxx-pch --disable-libunwind-exceptions --disable-linker-build-id --disable-nls --disable-werror --disable-__cxa_atexit --enable-checking=release --enable-clocale=gnu --enable-gnu-unique-object --enable-gold --enable-languages=c,c++ --enable-ld=default --enable-lto --enable-plugin --enable-shared --infodir=/usr/share/info --libdir=/usr/lib --libexecdir=/usr/lib --mandir=/usr/share/man --prefix=/usr --target=avr --with-as=/usr/bin/avr-as --with-gnu-as --with-gnu-ld --with-ld=/usr/bin/avr-ld --with-plugin-ld=ld.gold --with-system-zlib --with-isl --enable-gnu-indirect-function
Thread model: single
gcc version 7.3.0 (GCC) 
COMPILER_PATH=/usr/lib/gcc/avr/7.3.0/:/usr/lib/gcc/avr/7.3.0/:/usr/lib/gcc/avr/:/usr/lib/gcc/avr/7.3.0/:/usr/lib/gcc/avr/
LIBRARY_PATH=/usr/lib/gcc/avr/7.3.0/:/usr/lib/gcc/avr/7.3.0/../../../../avr/lib/
COLLECT_GCC_OPTIONS='-v' '-o' 'cmTC_9d015' '-specs=device-specs/specs-avr2'
 /usr/lib/gcc/avr/7.3.0/collect2 -plugin /usr/lib/gcc/avr/7.3.0/liblto_plugin.so -plugin-opt=/usr/lib/gcc/avr/7.3.0/lto-wrapper -plugin-opt=-fresolution=/tmp/ccEbtwUW.res -plugin-opt=-pass-through=-lgcc -plugin-opt=-pass-through=-lm -plugin-opt=-pass-through=-lc -o cmTC_9d015 -L/usr/lib/gcc/avr/7.3.0 -L/usr/lib/gcc/avr/7.3.0/../../../../avr/lib CMakeFiles/cmTC_9d015.dir/CMakeCCompilerABI.c.obj --start-group -lgcc -lm -lc --end-group
COLLECT_GCC_OPTIONS='-v' '-o' 'cmTC_9d015' '-specs=device-specs/specs-avr2'
make[1]: Leaving directory '/home/alxhoff/git/GitHub/Project-templates/AVR/mega328p/build/CMakeFiles/CMakeTmp'


Parsed C implicit link information from above output:
  link line regex: [^( *|.*[/\])(avr-ld|CMAKE_LINK_STARTFILE-NOTFOUND|([^/\]+-)?ld|collect2)[^/\]*( |$)]
  ignore line: [Change Dir: /home/alxhoff/git/GitHub/Project-templates/AVR/mega328p/build/CMakeFiles/CMakeTmp]
  ignore line: []
  ignore line: [Run Build Command:"/usr/bin/make" "cmTC_9d015/fast"]
  ignore line: [/usr/bin/make -f CMakeFiles/cmTC_9d015.dir/build.make CMakeFiles/cmTC_9d015.dir/build]
  ignore line: [make[1]: Entering directory '/home/alxhoff/git/GitHub/Project-templates/AVR/mega328p/build/CMakeFiles/CMakeTmp']
  ignore line: [Building C object CMakeFiles/cmTC_9d015.dir/CMakeCCompilerABI.c.obj]
  ignore line: [/usr/bin/avr-gcc    -o CMakeFiles/cmTC_9d015.dir/CMakeCCompilerABI.c.obj   -c /usr/share/cmake-3.10/Modules/CMakeCCompilerABI.c]
  ignore line: [Linking C executable cmTC_9d015]
  ignore line: [/usr/bin/cmake -E cmake_link_script CMakeFiles/cmTC_9d015.dir/link.txt --verbose=1]
  ignore line: [/usr/bin/avr-gcc     -v CMakeFiles/cmTC_9d015.dir/CMakeCCompilerABI.c.obj  -o cmTC_9d015 ]
  ignore line: [Using built-in specs.]
  ignore line: [Reading specs from /usr/lib/gcc/avr/7.3.0/device-specs/specs-avr2]
  ignore line: [COLLECT_GCC=/usr/bin/avr-gcc]
  ignore line: [COLLECT_LTO_WRAPPER=/usr/lib/gcc/avr/7.3.0/lto-wrapper]
  ignore line: [Target: avr]
  ignore line: [Configured with: /build/avr-gcc/src/gcc-7-20180125/configure --disable-install-libiberty --disable-libssp --disable-libstdcxx-pch --disable-libunwind-exceptions --disable-linker-build-id --disable-nls --disable-werror --disable-__cxa_atexit --enable-checking=release --enable-clocale=gnu --enable-gnu-unique-object --enable-gold --enable-languages=c,c++ --enable-ld=default --enable-lto --enable-plugin --enable-shared --infodir=/usr/share/info --libdir=/usr/lib --libexecdir=/usr/lib --mandir=/usr/share/man --prefix=/usr --target=avr --with-as=/usr/bin/avr-as --with-gnu-as --with-gnu-ld --with-ld=/usr/bin/avr-ld --with-plugin-ld=ld.gold --with-system-zlib --with-isl --enable-gnu-indirect-function]
  ignore line: [Thread model: single]
  ignore line: [gcc version 7.3.0 (GCC) ]
  ignore line: [COMPILER_PATH=/usr/lib/gcc/avr/7.3.0/:/usr/lib/gcc/avr/7.3.0/:/usr/lib/gcc/avr/:/usr/lib/gcc/avr/7.3.0/:/usr/lib/gcc/avr/]
  ignore line: [LIBRARY_PATH=/usr/lib/gcc/avr/7.3.0/:/usr/lib/gcc/avr/7.3.0/../../../../avr/lib/]
  ignore line: [COLLECT_GCC_OPTIONS='-v' '-o' 'cmTC_9d015' '-specs=device-specs/specs-avr2']
  link line: [ /usr/lib/gcc/avr/7.3.0/collect2 -plugin /usr/lib/gcc/avr/7.3.0/liblto_plugin.so -plugin-opt=/usr/lib/gcc/avr/7.3.0/lto-wrapper -plugin-opt=-fresolution=/tmp/ccEbtwUW.res -plugin-opt=-pass-through=-lgcc -plugin-opt=-pass-through=-lm -plugin-opt=-pass-through=-lc -o cmTC_9d015 -L/usr/lib/gcc/avr/7.3.0 -L/usr/lib/gcc/avr/7.3.0/../../../../avr/lib CMakeFiles/cmTC_9d015.dir/CMakeCCompilerABI.c.obj --start-group -lgcc -lm -lc --end-group]
    arg [/usr/lib/gcc/avr/7.3.0/collect2] ==> ignore
    arg [-plugin] ==> ignore
    arg [/usr/lib/gcc/avr/7.3.0/liblto_plugin.so] ==> ignore
    arg [-plugin-opt=/usr/lib/gcc/avr/7.3.0/lto-wrapper] ==> ignore
    arg [-plugin-opt=-fresolution=/tmp/ccEbtwUW.res] ==> ignore
    arg [-plugin-opt=-pass-through=-lgcc] ==> ignore
    arg [-plugin-opt=-pass-through=-lm] ==> ignore
    arg [-plugin-opt=-pass-through=-lc] ==> ignore
    arg [-o] ==> ignore
    arg [cmTC_9d015] ==> ignore
    arg [-L/usr/lib/gcc/avr/7.3.0] ==> dir [/usr/lib/gcc/avr/7.3.0]
    arg [-L/usr/lib/gcc/avr/7.3.0/../../../../avr/lib] ==> dir [/usr/lib/gcc/avr/7.3.0/../../../../avr/lib]
    arg [CMakeFiles/cmTC_9d015.dir/CMakeCCompilerABI.c.obj] ==> ignore
    arg [--start-group] ==> ignore
    arg [-lgcc] ==> lib [gcc]
    arg [-lm] ==> lib [m]
    arg [-lc] ==> lib [c]
    arg [--end-group] ==> ignore
  collapse library dir [/usr/lib/gcc/avr/7.3.0] ==> [/usr/lib/gcc/avr/7.3.0]
  collapse library dir [/usr/lib/gcc/avr/7.3.0/../../../../avr/lib] ==> [/usr/avr/lib]
  implicit libs: [gcc;m;c]
  implicit dirs: [/usr/lib/gcc/avr/7.3.0;/usr/avr/lib]
  implicit fwks: []




Detecting C [-std=c11] compiler features compiled with the following output:
Change Dir: /home/alxhoff/git/GitHub/Project-templates/AVR/mega328p/build/CMakeFiles/CMakeTmp

Run Build Command:"/usr/bin/make" "cmTC_100db/fast"
/usr/bin/make -f CMakeFiles/cmTC_100db.dir/build.make CMakeFiles/cmTC_100db.dir/build
make[1]: Entering directory '/home/alxhoff/git/GitHub/Project-templates/AVR/mega328p/build/CMakeFiles/CMakeTmp'
Building C object CMakeFiles/cmTC_100db.dir/feature_tests.c.obj
/usr/bin/avr-gcc   -std=c11 -o CMakeFiles/cmTC_100db.dir/feature_tests.c.obj   -c /home/alxhoff/git/GitHub/Project-templates/AVR/mega328p/build/CMakeFiles/feature_tests.c
Linking C executable cmTC_100db
/usr/bin/cmake -E cmake_link_script CMakeFiles/cmTC_100db.dir/link.txt --verbose=1
/usr/bin/avr-gcc      CMakeFiles/cmTC_100db.dir/feature_tests.c.obj  -o cmTC_100db 
make[1]: Leaving directory '/home/alxhoff/git/GitHub/Project-templates/AVR/mega328p/build/CMakeFiles/CMakeTmp'


    Feature record: C_FEATURE:1c_function_prototypes
    Feature record: C_FEATURE:1c_restrict
    Feature record: C_FEATURE:1c_static_assert
    Feature record: C_FEATURE:1c_variadic_macros


Detecting C [-std=c99] compiler features compiled with the following output:
Change Dir: /home/alxhoff/git/GitHub/Project-templates/AVR/mega328p/build/CMakeFiles/CMakeTmp

Run Build Command:"/usr/bin/make" "cmTC_155cc/fast"
/usr/bin/make -f CMakeFiles/cmTC_155cc.dir/build.make CMakeFiles/cmTC_155cc.dir/build
make[1]: Entering directory '/home/alxhoff/git/GitHub/Project-templates/AVR/mega328p/build/CMakeFiles/CMakeTmp'
Building C object CMakeFiles/cmTC_155cc.dir/feature_tests.c.obj
/usr/bin/avr-gcc   -std=c99 -o CMakeFiles/cmTC_155cc.dir/feature_tests.c.obj   -c /home/alxhoff/git/GitHub/Project-templates/AVR/mega328p/build/CMakeFiles/feature_tests.c
Linking C executable cmTC_155cc
/usr/bin/cmake -E cmake_link_script CMakeFiles/cmTC_155cc.dir/link.txt --verbose=1
/usr/bin/avr-gcc      CMakeFiles/cmTC_155cc.dir/feature_tests.c.obj  -o cmTC_155cc 
make[1]: Leaving directory '/home/alxhoff/git/GitHub/Project-templates/AVR/mega328p/build/CMakeFiles/CMakeTmp'


    Feature record: C_FEATURE:1c_function_prototypes
    Feature record: C_FEATURE:1c_restrict
    Feature record: C_FEATURE:0c_static_assert
    Feature record: C_FEATURE:1c_variadic_macros


Detecting C [-std=c90] compiler features compiled with the following output:
Change Dir: /home/alxhoff/git/GitHub/Project-templates/AVR/mega328p/build/CMakeFiles/CMakeTmp

Run Build Command:"/usr/bin/make" "cmTC_23a5a/fast"
/usr/bin/make -f CMakeFiles/cmTC_23a5a.dir/build.make CMakeFiles/cmTC_23a5a.dir/build
make[1]: Entering directory '/home/alxhoff/git/GitHub/Project-templates/AVR/mega328p/build/CMakeFiles/CMakeTmp'
Building C object CMakeFiles/cmTC_23a5a.dir/feature_tests.c.obj
/usr/bin/avr-gcc   -std=c90 -o CMakeFiles/cmTC_23a5a.dir/feature_tests.c.obj   -c /home/alxhoff/git/GitHub/Project-templates/AVR/mega328p/build/CMakeFiles/feature_tests.c
Linking C executable cmTC_23a5a
/usr/bin/cmake -E cmake_link_script CMakeFiles/cmTC_23a5a.dir/link.txt --verbose=1
/usr/bin/avr-gcc      CMakeFiles/cmTC_23a5a.dir/feature_tests.c.obj  -o cmTC_23a5a 
make[1]: Leaving directory '/home/alxhoff/git/GitHub/Project-templates/AVR/mega328p/build/CMakeFiles/CMakeTmp'


    Feature record: C_FEATURE:1c_function_prototypes
    Feature record: C_FEATURE:0c_restrict
    Feature record: C_FEATURE:0c_static_assert
    Feature record: C_FEATURE:0c_variadic_macros
Determining if the CXX compiler works passed with the following output:
Change Dir: /home/alxhoff/git/GitHub/Project-templates/AVR/mega328p/build/CMakeFiles/CMakeTmp

Run Build Command:"/usr/bin/make" "cmTC_d3db2/fast"
/usr/bin/make -f CMakeFiles/cmTC_d3db2.dir/build.make CMakeFiles/cmTC_d3db2.dir/build
make[1]: Entering directory '/home/alxhoff/git/GitHub/Project-templates/AVR/mega328p/build/CMakeFiles/CMakeTmp'
Building CXX object CMakeFiles/cmTC_d3db2.dir/testCXXCompiler.cxx.obj
/usr/bin/avr-g++     -o CMakeFiles/cmTC_d3db2.dir/testCXXCompiler.cxx.obj -c /home/alxhoff/git/GitHub/Project-templates/AVR/mega328p/build/CMakeFiles/CMakeTmp/testCXXCompiler.cxx
Linking CXX executable cmTC_d3db2
/usr/bin/cmake -E cmake_link_script CMakeFiles/cmTC_d3db2.dir/link.txt --verbose=1
/usr/bin/avr-g++       CMakeFiles/cmTC_d3db2.dir/testCXXCompiler.cxx.obj  -o cmTC_d3db2 
make[1]: Leaving directory '/home/alxhoff/git/GitHub/Project-templates/AVR/mega328p/build/CMakeFiles/CMakeTmp'


Detecting CXX compiler ABI info compiled with the following output:
Change Dir: /home/alxhoff/git/GitHub/Project-templates/AVR/mega328p/build/CMakeFiles/CMakeTmp

Run Build Command:"/usr/bin/make" "cmTC_4c0d7/fast"
/usr/bin/make -f CMakeFiles/cmTC_4c0d7.dir/build.make CMakeFiles/cmTC_4c0d7.dir/build
make[1]: Entering directory '/home/alxhoff/git/GitHub/Project-templates/AVR/mega328p/build/CMakeFiles/CMakeTmp'
Building CXX object CMakeFiles/cmTC_4c0d7.dir/CMakeCXXCompilerABI.cpp.obj
/usr/bin/avr-g++     -o CMakeFiles/cmTC_4c0d7.dir/CMakeCXXCompilerABI.cpp.obj -c /usr/share/cmake-3.10/Modules/CMakeCXXCompilerABI.cpp
Linking CXX executable cmTC_4c0d7
/usr/bin/cmake -E cmake_link_script CMakeFiles/cmTC_4c0d7.dir/link.txt --verbose=1
/usr/bin/avr-g++      -v CMakeFiles/cmTC_4c0d7.dir/CMakeCXXCompilerABI.cpp.obj  -o cmTC_4c0d7 
Using built-in specs.
Reading specs from /usr/lib/gcc/avr/7.3.0/device-specs/specs-avr2
COLLECT_GCC=/usr/bin/avr-g++
COLLECT_LTO_WRAPPER=/usr/lib/gcc/avr/7.3.0/lto-wrapper
Target: avr
Configured with: /build/avr-gcc/src/gcc-7-20180125/configure --disable-install-libiberty --disable-libssp --disable-libstdcxx-pch --disable-libunwind-exceptions --disable-linker-build-id --disable-nls --disable-werror --disable-__cxa_atexit --enable-checking=release --enable-clocale=gnu --enable-gnu-unique-object --enable-gold --enable-languages=c,c++ --enable-ld=default --enable-lto --enable-plugin --enable-shared --infodir=/usr/share/info --libdir=/usr/lib --libexecdir=/usr/lib --mandir=/usr/share/man --prefix=/usr --target=avr --with-as=/usr/bin/avr-as --with-gnu-as --with-gnu-ld --with-ld=/usr/bin/avr-ld --with-plugin-ld=ld.gold --with-system-zlib --with-isl --enable-gnu-indirect-function
Thread model: single
gcc version 7.3.0 (GCC) 
COMPILER_PATH=/usr/lib/gcc/avr/7.3.0/:/usr/lib/gcc/avr/7.3.0/:/usr/lib/gcc/avr/:/usr/lib/gcc/avr/7.3.0/:/usr/lib/gcc/avr/
LIBRARY_PATH=/usr/lib/gcc/avr/7.3.0/:/usr/lib/gcc/avr/7.3.0/../../../../avr/lib/
COLLECT_GCC_OPTIONS='-v' '-o' 'cmTC_4c0d7' '-specs=device-specs/specs-avr2'
 /usr/lib/gcc/avr/7.3.0/collect2 -plugin /usr/lib/gcc/avr/7.3.0/liblto_plugin.so -plugin-opt=/usr/lib/gcc/avr/7.3.0/lto-wrapper -plugin-opt=-fresolution=/tmp/ccZNpDjs.res -plugin-opt=-pass-through=-lgcc -plugin-opt=-pass-through=-lm -plugin-opt=-pass-through=-lc -o cmTC_4c0d7 -L/usr/lib/gcc/avr/7.3.0 -L/usr/lib/gcc/avr/7.3.0/../../../../avr/lib CMakeFiles/cmTC_4c0d7.dir/CMakeCXXCompilerABI.cpp.obj -lgcc -lm --start-group -lgcc -lm -lc --end-group
COLLECT_GCC_OPTIONS='-v' '-o' 'cmTC_4c0d7' '-specs=device-specs/specs-avr2'
make[1]: Leaving directory '/home/alxhoff/git/GitHub/Project-templates/AVR/mega328p/build/CMakeFiles/CMakeTmp'


Parsed CXX implicit link information from above output:
  link line regex: [^( *|.*[/\])(avr-ld|CMAKE_LINK_STARTFILE-NOTFOUND|([^/\]+-)?ld|collect2)[^/\]*( |$)]
  ignore line: [Change Dir: /home/alxhoff/git/GitHub/Project-templates/AVR/mega328p/build/CMakeFiles/CMakeTmp]
  ignore line: []
  ignore line: [Run Build Command:"/usr/bin/make" "cmTC_4c0d7/fast"]
  ignore line: [/usr/bin/make -f CMakeFiles/cmTC_4c0d7.dir/build.make CMakeFiles/cmTC_4c0d7.dir/build]
  ignore line: [make[1]: Entering directory '/home/alxhoff/git/GitHub/Project-templates/AVR/mega328p/build/CMakeFiles/CMakeTmp']
  ignore line: [Building CXX object CMakeFiles/cmTC_4c0d7.dir/CMakeCXXCompilerABI.cpp.obj]
  ignore line: [/usr/bin/avr-g++     -o CMakeFiles/cmTC_4c0d7.dir/CMakeCXXCompilerABI.cpp.obj -c /usr/share/cmake-3.10/Modules/CMakeCXXCompilerABI.cpp]
  ignore line: [Linking CXX executable cmTC_4c0d7]
  ignore line: [/usr/bin/cmake -E cmake_link_script CMakeFiles/cmTC_4c0d7.dir/link.txt --verbose=1]
  ignore line: [/usr/bin/avr-g++      -v CMakeFiles/cmTC_4c0d7.dir/CMakeCXXCompilerABI.cpp.obj  -o cmTC_4c0d7 ]
  ignore line: [Using built-in specs.]
  ignore line: [Reading specs from /usr/lib/gcc/avr/7.3.0/device-specs/specs-avr2]
  ignore line: [COLLECT_GCC=/usr/bin/avr-g++]
  ignore line: [COLLECT_LTO_WRAPPER=/usr/lib/gcc/avr/7.3.0/lto-wrapper]
  ignore line: [Target: avr]
  ignore line: [Configured with: /build/avr-gcc/src/gcc-7-20180125/configure --disable-install-libiberty --disable-libssp --disable-libstdcxx-pch --disable-libunwind-exceptions --disable-linker-build-id --disable-nls --disable-werror --disable-__cxa_atexit --enable-checking=release --enable-clocale=gnu --enable-gnu-unique-object --enable-gold --enable-languages=c,c++ --enable-ld=default --enable-lto --enable-plugin --enable-shared --infodir=/usr/share/info --libdir=/usr/lib --libexecdir=/usr/lib --mandir=/usr/share/man --prefix=/usr --target=avr --with-as=/usr/bin/avr-as --with-gnu-as --with-gnu-ld --with-ld=/usr/bin/avr-ld --with-plugin-ld=ld.gold --with-system-zlib --with-isl --enable-gnu-indirect-function]
  ignore line: [Thread model: single]
  ignore line: [gcc version 7.3.0 (GCC) ]
  ignore line: [COMPILER_PATH=/usr/lib/gcc/avr/7.3.0/:/usr/lib/gcc/avr/7.3.0/:/usr/lib/gcc/avr/:/usr/lib/gcc/avr/7.3.0/:/usr/lib/gcc/avr/]
  ignore line: [LIBRARY_PATH=/usr/lib/gcc/avr/7.3.0/:/usr/lib/gcc/avr/7.3.0/../../../../avr/lib/]
  ignore line: [COLLECT_GCC_OPTIONS='-v' '-o' 'cmTC_4c0d7' '-specs=device-specs/specs-avr2']
  link line: [ /usr/lib/gcc/avr/7.3.0/collect2 -plugin /usr/lib/gcc/avr/7.3.0/liblto_plugin.so -plugin-opt=/usr/lib/gcc/avr/7.3.0/lto-wrapper -plugin-opt=-fresolution=/tmp/ccZNpDjs.res -plugin-opt=-pass-through=-lgcc -plugin-opt=-pass-through=-lm -plugin-opt=-pass-through=-lc -o cmTC_4c0d7 -L/usr/lib/gcc/avr/7.3.0 -L/usr/lib/gcc/avr/7.3.0/../../../../avr/lib CMakeFiles/cmTC_4c0d7.dir/CMakeCXXCompilerABI.cpp.obj -lgcc -lm --start-group -lgcc -lm -lc --end-group]
    arg [/usr/lib/gcc/avr/7.3.0/collect2] ==> ignore
    arg [-plugin] ==> ignore
    arg [/usr/lib/gcc/avr/7.3.0/liblto_plugin.so] ==> ignore
    arg [-plugin-opt=/usr/lib/gcc/avr/7.3.0/lto-wrapper] ==> ignore
    arg [-plugin-opt=-fresolution=/tmp/ccZNpDjs.res] ==> ignore
    arg [-plugin-opt=-pass-through=-lgcc] ==> ignore
    arg [-plugin-opt=-pass-through=-lm] ==> ignore
    arg [-plugin-opt=-pass-through=-lc] ==> ignore
    arg [-o] ==> ignore
    arg [cmTC_4c0d7] ==> ignore
    arg [-L/usr/lib/gcc/avr/7.3.0] ==> dir [/usr/lib/gcc/avr/7.3.0]
    arg [-L/usr/lib/gcc/avr/7.3.0/../../../../avr/lib] ==> dir [/usr/lib/gcc/avr/7.3.0/../../../../avr/lib]
    arg [CMakeFiles/cmTC_4c0d7.dir/CMakeCXXCompilerABI.cpp.obj] ==> ignore
    arg [-lgcc] ==> lib [gcc]
    arg [-lm] ==> lib [m]
    arg [--start-group] ==> ignore
    arg [-lgcc] ==> lib [gcc]
    arg [-lm] ==> lib [m]
    arg [-lc] ==> lib [c]
    arg [--end-group] ==> ignore
  collapse library dir [/usr/lib/gcc/avr/7.3.0] ==> [/usr/lib/gcc/avr/7.3.0]
  collapse library dir [/usr/lib/gcc/avr/7.3.0/../../../../avr/lib] ==> [/usr/avr/lib]
  implicit libs: [gcc;m;gcc;m;c]
  implicit dirs: [/usr/lib/gcc/avr/7.3.0;/usr/avr/lib]
  implicit fwks: []




Detecting CXX [-std=c++1z] compiler features compiled with the following output:
Change Dir: /home/alxhoff/git/GitHub/Project-templates/AVR/mega328p/build/CMakeFiles/CMakeTmp

Run Build Command:"/usr/bin/make" "cmTC_55f2b/fast"
/usr/bin/make -f CMakeFiles/cmTC_55f2b.dir/build.make CMakeFiles/cmTC_55f2b.dir/build
make[1]: Entering directory '/home/alxhoff/git/GitHub/Project-templates/AVR/mega328p/build/CMakeFiles/CMakeTmp'
Building CXX object CMakeFiles/cmTC_55f2b.dir/feature_tests.cxx.obj
/usr/bin/avr-g++    -std=c++1z -o CMakeFiles/cmTC_55f2b.dir/feature_tests.cxx.obj -c /home/alxhoff/git/GitHub/Project-templates/AVR/mega328p/build/CMakeFiles/feature_tests.cxx
Linking CXX executable cmTC_55f2b
/usr/bin/cmake -E cmake_link_script CMakeFiles/cmTC_55f2b.dir/link.txt --verbose=1
/usr/bin/avr-g++       CMakeFiles/cmTC_55f2b.dir/feature_tests.cxx.obj  -o cmTC_55f2b 
make[1]: Leaving directory '/home/alxhoff/git/GitHub/Project-templates/AVR/mega328p/build/CMakeFiles/CMakeTmp'


    Feature record: CXX_FEATURE:1cxx_aggregate_default_initializers
    Feature record: CXX_FEATURE:1cxx_alias_templates
    Feature record: CXX_FEATURE:1cxx_alignas
    Feature record: CXX_FEATURE:1cxx_alignof
    Feature record: CXX_FEATURE:1cxx_attributes
    Feature record: CXX_FEATURE:1cxx_attribute_deprecated
    Feature record: CXX_FEATURE:1cxx_auto_type
    Feature record: CXX_FEATURE:1cxx_binary_literals
    Feature record: CXX_FEATURE:1cxx_constexpr
    Feature record: CXX_FEATURE:1cxx_contextual_conversions
    Feature record: CXX_FEATURE:1cxx_decltype
    Feature record: CXX_FEATURE:1cxx_decltype_auto
    Feature record: CXX_FEATURE:1cxx_decltype_incomplete_return_types
    Feature record: CXX_FEATURE:1cxx_default_function_template_args
    Feature record: CXX_FEATURE:1cxx_defaulted_functions
    Feature record: CXX_FEATURE:1cxx_defaulted_move_initializers
    Feature record: CXX_FEATURE:1cxx_delegating_constructors
    Feature record: CXX_FEATURE:1cxx_deleted_functions
    Feature record: CXX_FEATURE:1cxx_digit_separators
    Feature record: CXX_FEATURE:1cxx_enum_forward_declarations
    Feature record: CXX_FEATURE:1cxx_explicit_conversions
    Feature record: CXX_FEATURE:1cxx_extended_friend_declarations
    Feature record: CXX_FEATURE:1cxx_extern_templates
    Feature record: CXX_FEATURE:1cxx_final
    Feature record: CXX_FEATURE:1cxx_func_identifier
    Feature record: CXX_FEATURE:1cxx_generalized_initializers
    Feature record: CXX_FEATURE:1cxx_generic_lambdas
    Feature record: CXX_FEATURE:1cxx_inheriting_constructors
    Feature record: CXX_FEATURE:1cxx_inline_namespaces
    Feature record: CXX_FEATURE:1cxx_lambdas
    Feature record: CXX_FEATURE:1cxx_lambda_init_captures
    Feature record: CXX_FEATURE:1cxx_local_type_template_args
    Feature record: CXX_FEATURE:1cxx_long_long_type
    Feature record: CXX_FEATURE:1cxx_noexcept
    Feature record: CXX_FEATURE:1cxx_nonstatic_member_init
    Feature record: CXX_FEATURE:1cxx_nullptr
    Feature record: CXX_FEATURE:1cxx_override
    Feature record: CXX_FEATURE:1cxx_range_for
    Feature record: CXX_FEATURE:1cxx_raw_string_literals
    Feature record: CXX_FEATURE:1cxx_reference_qualified_functions
    Feature record: CXX_FEATURE:1cxx_relaxed_constexpr
    Feature record: CXX_FEATURE:1cxx_return_type_deduction
    Feature record: CXX_FEATURE:1cxx_right_angle_brackets
    Feature record: CXX_FEATURE:1cxx_rvalue_references
    Feature record: CXX_FEATURE:1cxx_sizeof_member
    Feature record: CXX_FEATURE:1cxx_static_assert
    Feature record: CXX_FEATURE:1cxx_strong_enums
    Feature record: CXX_FEATURE:1cxx_template_template_parameters
    Feature record: CXX_FEATURE:1cxx_thread_local
    Feature record: CXX_FEATURE:1cxx_trailing_return_types
    Feature record: CXX_FEATURE:1cxx_unicode_literals
    Feature record: CXX_FEATURE:1cxx_uniform_initialization
    Feature record: CXX_FEATURE:1cxx_unrestricted_unions
    Feature record: CXX_FEATURE:1cxx_user_literals
    Feature record: CXX_FEATURE:1cxx_variable_templates
    Feature record: CXX_FEATURE:1cxx_variadic_macros
    Feature record: CXX_FEATURE:1cxx_variadic_templates


Detecting CXX [-std=c++14] compiler features compiled with the following output:
Change Dir: /home/alxhoff/git/GitHub/Project-templates/AVR/mega328p/build/CMakeFiles/CMakeTmp

Run Build Command:"/usr/bin/make" "cmTC_816b2/fast"
/usr/bin/make -f CMakeFiles/cmTC_816b2.dir/build.make CMakeFiles/cmTC_816b2.dir/build
make[1]: Entering directory '/home/alxhoff/git/GitHub/Project-templates/AVR/mega328p/build/CMakeFiles/CMakeTmp'
Building CXX object CMakeFiles/cmTC_816b2.dir/feature_tests.cxx.obj
/usr/bin/avr-g++    -std=c++14 -o CMakeFiles/cmTC_816b2.dir/feature_tests.cxx.obj -c /home/alxhoff/git/GitHub/Project-templates/AVR/mega328p/build/CMakeFiles/feature_tests.cxx
Linking CXX executable cmTC_816b2
/usr/bin/cmake -E cmake_link_script CMakeFiles/cmTC_816b2.dir/link.txt --verbose=1
/usr/bin/avr-g++       CMakeFiles/cmTC_816b2.dir/feature_tests.cxx.obj  -o cmTC_816b2 
make[1]: Leaving directory '/home/alxhoff/git/GitHub/Project-templates/AVR/mega328p/build/CMakeFiles/CMakeTmp'


    Feature record: CXX_FEATURE:1cxx_aggregate_default_initializers
    Feature record: CXX_FEATURE:1cxx_alias_templates
    Feature record: CXX_FEATURE:1cxx_alignas
    Feature record: CXX_FEATURE:1cxx_alignof
    Feature record: CXX_FEATURE:1cxx_attributes
    Feature record: CXX_FEATURE:1cxx_attribute_deprecated
    Feature record: CXX_FEATURE:1cxx_auto_type
    Feature record: CXX_FEATURE:1cxx_binary_literals
    Feature record: CXX_FEATURE:1cxx_constexpr
    Feature record: CXX_FEATURE:1cxx_contextual_conversions
    Feature record: CXX_FEATURE:1cxx_decltype
    Feature record: CXX_FEATURE:1cxx_decltype_auto
    Feature record: CXX_FEATURE:1cxx_decltype_incomplete_return_types
    Feature record: CXX_FEATURE:1cxx_default_function_template_args
    Feature record: CXX_FEATURE:1cxx_defaulted_functions
    Feature record: CXX_FEATURE:1cxx_defaulted_move_initializers
    Feature record: CXX_FEATURE:1cxx_delegating_constructors
    Feature record: CXX_FEATURE:1cxx_deleted_functions
    Feature record: CXX_FEATURE:1cxx_digit_separators
    Feature record: CXX_FEATURE:1cxx_enum_forward_declarations
    Feature record: CXX_FEATURE:1cxx_explicit_conversions
    Feature record: CXX_FEATURE:1cxx_extended_friend_declarations
    Feature record: CXX_FEATURE:1cxx_extern_templates
    Feature record: CXX_FEATURE:1cxx_final
    Feature record: CXX_FEATURE:1cxx_func_identifier
    Feature record: CXX_FEATURE:1cxx_generalized_initializers
    Feature record: CXX_FEATURE:1cxx_generic_lambdas
    Feature record: CXX_FEATURE:1cxx_inheriting_constructors
    Feature record: CXX_FEATURE:1cxx_inline_namespaces
    Feature record: CXX_FEATURE:1cxx_lambdas
    Feature record: CXX_FEATURE:1cxx_lambda_init_captures
    Feature record: CXX_FEATURE:1cxx_local_type_template_args
    Feature record: CXX_FEATURE:1cxx_long_long_type
    Feature record: CXX_FEATURE:1cxx_noexcept
    Feature record: CXX_FEATURE:1cxx_nonstatic_member_init
    Feature record: CXX_FEATURE:1cxx_nullptr
    Feature record: CXX_FEATURE:1cxx_override
    Feature record: CXX_FEATURE:1cxx_range_for
    Feature record: CXX_FEATURE:1cxx_raw_string_literals
    Feature record: CXX_FEATURE:1cxx_reference_qualified_functions
    Feature record: CXX_FEATURE:1cxx_relaxed_constexpr
    Feature record: CXX_FEATURE:1cxx_return_type_deduction
    Feature record: CXX_FEATURE:1cxx_right_angle_brackets
    Feature record: CXX_FEATURE:1cxx_rvalue_references
    Feature record: CXX_FEATURE:1cxx_sizeof_member
    Feature record: CXX_FEATURE:1cxx_static_assert
    Feature record: CXX_FEATURE:1cxx_strong_enums
    Feature record: CXX_FEATURE:1cxx_template_template_parameters
    Feature record: CXX_FEATURE:1cxx_thread_local
    Feature record: CXX_FEATURE:1cxx_trailing_return_types
    Feature record: CXX_FEATURE:1cxx_unicode_literals
    Feature record: CXX_FEATURE:1cxx_uniform_initialization
    Feature record: CXX_FEATURE:1cxx_unrestricted_unions
    Feature record: CXX_FEATURE:1cxx_user_literals
    Feature record: CXX_FEATURE:1cxx_variable_templates
    Feature record: CXX_FEATURE:1cxx_variadic_macros
    Feature record: CXX_FEATURE:1cxx_variadic_templates


Detecting CXX [-std=c++11] compiler features compiled with the following output:
Change Dir: /home/alxhoff/git/GitHub/Project-templates/AVR/mega328p/build/CMakeFiles/CMakeTmp

Run Build Command:"/usr/bin/make" "cmTC_78ddd/fast"
/usr/bin/make -f CMakeFiles/cmTC_78ddd.dir/build.make CMakeFiles/cmTC_78ddd.dir/build
make[1]: Entering directory '/home/alxhoff/git/GitHub/Project-templates/AVR/mega328p/build/CMakeFiles/CMakeTmp'
Building CXX object CMakeFiles/cmTC_78ddd.dir/feature_tests.cxx.obj
/usr/bin/avr-g++    -std=c++11 -o CMakeFiles/cmTC_78ddd.dir/feature_tests.cxx.obj -c /home/alxhoff/git/GitHub/Project-templates/AVR/mega328p/build/CMakeFiles/feature_tests.cxx
Linking CXX executable cmTC_78ddd
/usr/bin/cmake -E cmake_link_script CMakeFiles/cmTC_78ddd.dir/link.txt --verbose=1
/usr/bin/avr-g++       CMakeFiles/cmTC_78ddd.dir/feature_tests.cxx.obj  -o cmTC_78ddd 
make[1]: Leaving directory '/home/alxhoff/git/GitHub/Project-templates/AVR/mega328p/build/CMakeFiles/CMakeTmp'


    Feature record: CXX_FEATURE:0cxx_aggregate_default_initializers
    Feature record: CXX_FEATURE:1cxx_alias_templates
    Feature record: CXX_FEATURE:1cxx_alignas
    Feature record: CXX_FEATURE:1cxx_alignof
    Feature record: CXX_FEATURE:1cxx_attributes
    Feature record: CXX_FEATURE:0cxx_attribute_deprecated
    Feature record: CXX_FEATURE:1cxx_auto_type
    Feature record: CXX_FEATURE:0cxx_binary_literals
    Feature record: CXX_FEATURE:1cxx_constexpr
    Feature record: CXX_FEATURE:0cxx_contextual_conversions
    Feature record: CXX_FEATURE:1cxx_decltype
    Feature record: CXX_FEATURE:0cxx_decltype_auto
    Feature record: CXX_FEATURE:1cxx_decltype_incomplete_return_types
    Feature record: CXX_FEATURE:1cxx_default_function_template_args
    Feature record: CXX_FEATURE:1cxx_defaulted_functions
    Feature record: CXX_FEATURE:1cxx_defaulted_move_initializers
    Feature record: CXX_FEATURE:1cxx_delegating_constructors
    Feature record: CXX_FEATURE:1cxx_deleted_functions
    Feature record: CXX_FEATURE:0cxx_digit_separators
    Feature record: CXX_FEATURE:1cxx_enum_forward_declarations
    Feature record: CXX_FEATURE:1cxx_explicit_conversions
    Feature record: CXX_FEATURE:1cxx_extended_friend_declarations
    Feature record: CXX_FEATURE:1cxx_extern_templates
    Feature record: CXX_FEATURE:1cxx_final
    Feature record: CXX_FEATURE:1cxx_func_identifier
    Feature record: CXX_FEATURE:1cxx_generalized_initializers
    Feature record: CXX_FEATURE:0cxx_generic_lambdas
    Feature record: CXX_FEATURE:1cxx_inheriting_constructors
    Feature record: CXX_FEATURE:1cxx_inline_namespaces
    Feature record: CXX_FEATURE:1cxx_lambdas
    Feature record: CXX_FEATURE:0cxx_lambda_init_captures
    Feature record: CXX_FEATURE:1cxx_local_type_template_args
    Feature record: CXX_FEATURE:1cxx_long_long_type
    Feature record: CXX_FEATURE:1cxx_noexcept
    Feature record: CXX_FEATURE:1cxx_nonstatic_member_init
    Feature record: CXX_FEATURE:1cxx_nullptr
    Feature record: CXX_FEATURE:1cxx_override
    Feature record: CXX_FEATURE:1cxx_range_for
    Feature record: CXX_FEATURE:1cxx_raw_string_literals
    Feature record: CXX_FEATURE:1cxx_reference_qualified_functions
    Feature record: CXX_FEATURE:0cxx_relaxed_constexpr
    Feature record: CXX_FEATURE:0cxx_return_type_deduction
    Feature record: CXX_FEATURE:1cxx_right_angle_brackets
    Feature record: CXX_FEATURE:1cxx_rvalue_references
    Feature record: CXX_FEATURE:1cxx_sizeof_member
    Feature record: CXX_FEATURE:1cxx_static_assert
    Feature record: CXX_FEATURE:1cxx_strong_enums
    Feature record: CXX_FEATURE:1cxx_template_template_parameters
    Feature record: CXX_FEATURE:1cxx_thread_local
    Feature record: CXX_FEATURE:1cxx_trailing_return_types
    Feature record: CXX_FEATURE:1cxx_unicode_literals
    Feature record: CXX_FEATURE:1cxx_uniform_initialization
    Feature record: CXX_FEATURE:1cxx_unrestricted_unions
    Feature record: CXX_FEATURE:1cxx_user_literals
    Feature record: CXX_FEATURE:0cxx_variable_templates
    Feature record: CXX_FEATURE:1cxx_variadic_macros
    Feature record: CXX_FEATURE:1cxx_variadic_templates


Detecting CXX [-std=c++98] compiler features compiled with the following output:
Change Dir: /home/alxhoff/git/GitHub/Project-templates/AVR/mega328p/build/CMakeFiles/CMakeTmp

Run Build Command:"/usr/bin/make" "cmTC_7c29e/fast"
/usr/bin/make -f CMakeFiles/cmTC_7c29e.dir/build.make CMakeFiles/cmTC_7c29e.dir/build
make[1]: Entering directory '/home/alxhoff/git/GitHub/Project-templates/AVR/mega328p/build/CMakeFiles/CMakeTmp'
Building CXX object CMakeFiles/cmTC_7c29e.dir/feature_tests.cxx.obj
/usr/bin/avr-g++    -std=c++98 -o CMakeFiles/cmTC_7c29e.dir/feature_tests.cxx.obj -c /home/alxhoff/git/GitHub/Project-templates/AVR/mega328p/build/CMakeFiles/feature_tests.cxx
Linking CXX executable cmTC_7c29e
/usr/bin/cmake -E cmake_link_script CMakeFiles/cmTC_7c29e.dir/link.txt --verbose=1
/usr/bin/avr-g++       CMakeFiles/cmTC_7c29e.dir/feature_tests.cxx.obj  -o cmTC_7c29e 
make[1]: Leaving directory '/home/alxhoff/git/GitHub/Project-templates/AVR/mega328p/build/CMakeFiles/CMakeTmp'


    Feature record: CXX_FEATURE:0cxx_aggregate_default_initializers
    Feature record: CXX_FEATURE:0cxx_alias_templates
    Feature record: CXX_FEATURE:0cxx_alignas
    Feature record: CXX_FEATURE:0cxx_alignof
    Feature record: CXX_FEATURE:0cxx_attributes
    Feature record: CXX_FEATURE:0cxx_attribute_deprecated
    Feature record: CXX_FEATURE:0cxx_auto_type
    Feature record: CXX_FEATURE:0cxx_binary_literals
    Feature record: CXX_FEATURE:0cxx_constexpr
    Feature record: CXX_FEATURE:0cxx_contextual_conversions
    Feature record: CXX_FEATURE:0cxx_decltype
    Feature record: CXX_FEATURE:0cxx_decltype_auto
    Feature record: CXX_FEATURE:0cxx_decltype_incomplete_return_types
    Feature record: CXX_FEATURE:0cxx_default_function_template_args
    Feature record: CXX_FEATURE:0cxx_defaulted_functions
    Feature record: CXX_FEATURE:0cxx_defaulted_move_initializers
    Feature record: CXX_FEATURE:0cxx_delegating_constructors
    Feature record: CXX_FEATURE:0cxx_deleted_functions
    Feature record: CXX_FEATURE:0cxx_digit_separators
    Feature record: CXX_FEATURE:0cxx_enum_forward_declarations
    Feature record: CXX_FEATURE:0cxx_explicit_conversions
    Feature record: CXX_FEATURE:0cxx_extended_friend_declarations
    Feature record: CXX_FEATURE:0cxx_extern_templates
    Feature record: CXX_FEATURE:0cxx_final
    Feature record: CXX_FEATURE:0cxx_func_identifier
    Feature record: CXX_FEATURE:0cxx_generalized_initializers
    Feature record: CXX_FEATURE:0cxx_generic_lambdas
    Feature record: CXX_FEATURE:0cxx_inheriting_constructors
    Feature record: CXX_FEATURE:0cxx_inline_namespaces
    Feature record: CXX_FEATURE:0cxx_lambdas
    Feature record: CXX_FEATURE:0cxx_lambda_init_captures
    Feature record: CXX_FEATURE:0cxx_local_type_template_args
    Feature record: CXX_FEATURE:0cxx_long_long_type
    Feature record: CXX_FEATURE:0cxx_noexcept
    Feature record: CXX_FEATURE:0cxx_nonstatic_member_init
    Feature record: CXX_FEATURE:0cxx_nullptr
    Feature record: CXX_FEATURE:0cxx_override
    Feature record: CXX_FEATURE:0cxx_range_for
    Feature record: CXX_FEATURE:0cxx_raw_string_literals
    Feature record: CXX_FEATURE:0cxx_reference_qualified_functions
    Feature record: CXX_FEATURE:0cxx_relaxed_constexpr
    Feature record: CXX_FEATURE:0cxx_return_type_deduction
    Feature record: CXX_FEATURE:0cxx_right_angle_brackets
    Feature record: CXX_FEATURE:0cxx_rvalue_references
    Feature record: CXX_FEATURE:0cxx_sizeof_member
    Feature record: CXX_FEATURE:0cxx_static_assert
    Feature record: CXX_FEATURE:0cxx_strong_enums
    Feature record: CXX_FEATURE:1cxx_template_template_parameters
    Feature record: CXX_FEATURE:0cxx_thread_local
    Feature record: CXX_FEATURE:0cxx_trailing_return_types
    Feature record: CXX_FEATURE:0cxx_unicode_literals
    Feature record: CXX_FEATURE:0cxx_uniform_initialization
    Feature record: CXX_FEATURE:0cxx_unrestricted_unions
    Feature record: CXX_FEATURE:0cxx_user_literals
    Feature record: CXX_FEATURE:0cxx_variable_templates
    Feature record: CXX_FEATURE:0cxx_variadic_macros
    Feature record: CXX_FEATURE:0cxx_variadic_templates
